2025-05-26 09:55:00,151 [Worker-6: Loading available Gradle versions] INFO  o.e.b.c.i.u.g.PublishedGradleVersions - Gradle version information cache is not available. Remote download required.
2025-05-26 09:56:05,063 [Worker-8: Updating Maven Dependencies] INFO  o.e.m.c.i.l.LifecycleMappingFactory - Using org.maven.ide.eclipse.wtp.WarLifecycleMapping lifecycle mapping for MavenProject: infinite:JsfEjbClient:0.0.1-SNAPSHOT @ C:\JavaTraining\Day32_EjbJscCrud_Working\JsfEjbClient\pom.xml.
2025-05-26 09:56:05,063 [Worker-11: Building] INFO  o.e.m.c.i.l.LifecycleMappingFactory - Using org.maven.ide.eclipse.wtp.WarLifecycleMapping lifecycle mapping for MavenProject: infinite:JsfEjbClient:0.0.1-SNAPSHOT @ C:\JavaTraining\Day32_EjbJscCrud_Working\JsfEjbClient\pom.xml.
2025-05-26 09:56:10,622 [Worker-11: Building] INFO  o.a.m.s.f.DefaultMavenResourcesFiltering - skip non existing resourceDirectory C:\JavaTraining\Day32_EjbJscCrud_Working\JsfEjbClient\src\main\resources
2025-05-26 09:56:10,628 [Worker-11: Building] INFO  o.a.m.s.f.DefaultMavenResourcesFiltering - skip non existing resourceDirectory C:\JavaTraining\Day32_EjbJscCrud_Working\JsfEjbClient\src\test\resources
2025-05-26 09:56:12,576 [Worker-19: Updating Maven Dependencies] INFO  o.e.m.c.i.l.LifecycleMappingFactory - Using org.maven.ide.eclipse.wtp.WarLifecycleMapping lifecycle mapping for MavenProject: infinite:JsfEjbClient:0.0.1-SNAPSHOT @ C:\JavaTraining\Day32_EjbJscCrud_Working\JsfEjbClient\pom.xml.
2025-05-26 10:00:10,636 [Worker-14: Building] INFO  o.a.m.s.f.DefaultMavenResourcesFiltering - skip non existing resourceDirectory C:\JavaTraining\Day32_EjbJscCrud_Working\JsfEjbClient\src\main\resources
2025-05-26 10:00:10,640 [Worker-14: Building] INFO  o.a.m.s.f.DefaultMavenResourcesFiltering - skip non existing resourceDirectory C:\JavaTraining\Day32_EjbJscCrud_Working\JsfEjbClient\src\test\resources
2025-05-26 10:00:12,010 [Worker-30: Building] INFO  o.a.m.s.f.DefaultMavenResourcesFiltering - skip non existing resourceDirectory C:\JavaTraining\Day32_EjbJscCrud_Working\JsfEjbClient\src\main\resources
2025-05-26 10:00:12,012 [Worker-30: Building] INFO  o.a.m.s.f.DefaultMavenResourcesFiltering - skip non existing resourceDirectory C:\JavaTraining\Day32_EjbJscCrud_Working\JsfEjbClient\src\test\resources
2025-05-26 10:00:18,050 [Worker-28: Building] INFO  o.a.m.s.f.DefaultMavenResourcesFiltering - skip non existing resourceDirectory C:\JavaTraining\Day32_EjbJscCrud_Working\JsfEjbClient\src\main\resources
2025-05-26 10:00:18,053 [Worker-28: Building] INFO  o.a.m.s.f.DefaultMavenResourcesFiltering - skip non existing resourceDirectory C:\JavaTraining\Day32_EjbJscCrud_Working\JsfEjbClient\src\test\resources
2025-05-26 10:00:20,143 [Worker-29: Building] INFO  o.a.m.s.f.DefaultMavenResourcesFiltering - skip non existing resourceDirectory C:\JavaTraining\Day32_EjbJscCrud_Working\JsfEjbClient\src\main\resources
2025-05-26 10:00:20,149 [Worker-29: Building] INFO  o.a.m.s.f.DefaultMavenResourcesFiltering - skip non existing resourceDirectory C:\JavaTraining\Day32_EjbJscCrud_Working\JsfEjbClient\src\test\resources
2025-05-26 10:00:26,821 [Worker-28: Building] INFO  o.a.m.s.f.DefaultMavenResourcesFiltering - skip non existing resourceDirectory C:\JavaTraining\Day32_EjbJscCrud_Working\JsfEjbClient\src\main\resources
2025-05-26 10:00:26,823 [Worker-28: Building] INFO  o.a.m.s.f.DefaultMavenResourcesFiltering - skip non existing resourceDirectory C:\JavaTraining\Day32_EjbJscCrud_Working\JsfEjbClient\src\test\resources
2025-05-26 10:00:29,900 [Worker-31: Building] INFO  o.a.m.s.f.DefaultMavenResourcesFiltering - skip non existing resourceDirectory C:\JavaTraining\Day32_EjbJscCrud_Working\JsfEjbClient\src\main\resources
2025-05-26 10:00:29,903 [Worker-31: Building] INFO  o.a.m.s.f.DefaultMavenResourcesFiltering - skip non existing resourceDirectory C:\JavaTraining\Day32_EjbJscCrud_Working\JsfEjbClient\src\test\resources
2025-05-26 10:00:36,282 [Worker-29: Building] INFO  o.a.m.s.f.DefaultMavenResourcesFiltering - skip non existing resourceDirectory C:\JavaTraining\Day32_EjbJscCrud_Working\JsfEjbClient\src\main\resources
2025-05-26 10:00:36,286 [Worker-29: Building] INFO  o.a.m.s.f.DefaultMavenResourcesFiltering - skip non existing resourceDirectory C:\JavaTraining\Day32_EjbJscCrud_Working\JsfEjbClient\src\test\resources
2025-05-26 10:00:39,206 [Worker-28: Building] INFO  o.a.m.s.f.DefaultMavenResourcesFiltering - skip non existing resourceDirectory C:\JavaTraining\Day32_EjbJscCrud_Working\JsfEjbClient\src\main\resources
2025-05-26 10:00:39,209 [Worker-28: Building] INFO  o.a.m.s.f.DefaultMavenResourcesFiltering - skip non existing resourceDirectory C:\JavaTraining\Day32_EjbJscCrud_Working\JsfEjbClient\src\test\resources
2025-05-26 10:06:52,065 [Worker-26: Building] INFO  o.a.m.s.f.DefaultMavenResourcesFiltering - skip non existing resourceDirectory C:\JavaTraining\Day32_EjbJscCrud_Working\JsfEjbClient\src\main\resources
2025-05-26 10:06:52,068 [Worker-26: Building] INFO  o.a.m.s.f.DefaultMavenResourcesFiltering - skip non existing resourceDirectory C:\JavaTraining\Day32_EjbJscCrud_Working\JsfEjbClient\src\test\resources
2025-05-26 10:34:58,195 [Worker-33: Building] INFO  o.a.m.s.f.DefaultMavenResourcesFiltering - skip non existing resourceDirectory C:\JavaTraining\Day32_EjbJscCrud_Working\JsfEjbClient\src\main\resources
2025-05-26 10:34:58,206 [Worker-33: Building] INFO  o.a.m.s.f.DefaultMavenResourcesFiltering - skip non existing resourceDirectory C:\JavaTraining\Day32_EjbJscCrud_Working\JsfEjbClient\src\test\resources
2025-05-26 11:30:33,724 [Worker-39: Building] INFO  o.a.m.s.f.DefaultMavenResourcesFiltering - skip non existing resourceDirectory C:\JavaTraining\Day32_EjbJscCrud_Working\JsfEjbClient\src\main\resources
2025-05-26 11:30:33,726 [Worker-39: Building] INFO  o.a.m.s.f.DefaultMavenResourcesFiltering - skip non existing resourceDirectory C:\JavaTraining\Day32_EjbJscCrud_Working\JsfEjbClient\src\test\resources
2025-05-26 11:32:20,074 [Worker-37: Building] INFO  o.a.m.s.f.DefaultMavenResourcesFiltering - skip non existing resourceDirectory C:\JavaTraining\Day32_EjbJscCrud_Working\JsfEjbClient\src\main\resources
2025-05-26 11:32:20,077 [Worker-37: Building] INFO  o.a.m.s.f.DefaultMavenResourcesFiltering - skip non existing resourceDirectory C:\JavaTraining\Day32_EjbJscCrud_Working\JsfEjbClient\src\test\resources
2025-05-26 11:41:39,223 [Worker-47: Updating Maven Dependencies] INFO  o.e.m.c.i.l.LifecycleMappingFactory - Using org.maven.ide.eclipse.wtp.WarLifecycleMapping lifecycle mapping for MavenProject: infinite:HibJsf:0.0.1-SNAPSHOT @ C:\JavaTraining\Day33_Part_1\HibJsf\pom.xml.
2025-05-26 11:41:39,229 [Worker-45: Building] INFO  o.e.m.c.i.l.LifecycleMappingFactory - Using org.maven.ide.eclipse.wtp.WarLifecycleMapping lifecycle mapping for MavenProject: infinite:HibJsf:0.0.1-SNAPSHOT @ C:\JavaTraining\Day33_Part_1\HibJsf\pom.xml.
2025-05-26 11:41:43,516 [Worker-45: Building] INFO  o.e.m.c.i.e.AbstractTransferListenerAdapter - Downloading https://repo.maven.apache.org/maven2/mysql/mysql-connector-java/8.0.31/mysql-connector-java-8.0.31.pom
2025-05-26 11:41:43,560 [Worker-45: Building] INFO  o.e.m.c.i.e.AbstractTransferListenerAdapter - Downloaded https://repo.maven.apache.org/maven2/mysql/mysql-connector-java/8.0.31/mysql-connector-java-8.0.31.pom
2025-05-26 11:41:43,599 [Worker-45: Building] INFO  o.e.m.c.i.e.AbstractTransferListenerAdapter - Downloading https://repo.maven.apache.org/maven2/com/mysql/mysql-connector-j/8.0.31/mysql-connector-j-8.0.31.pom
2025-05-26 11:41:43,652 [Worker-45: Building] INFO  o.e.m.c.i.e.AbstractTransferListenerAdapter - Downloaded https://repo.maven.apache.org/maven2/com/mysql/mysql-connector-j/8.0.31/mysql-connector-j-8.0.31.pom
2025-05-26 11:41:44,195 [Worker-47: Updating Maven Dependencies] WARN  o.a.m.r.i.DefaultArtifactDescriptorReader - 1 problem was encountered while building the effective model for org.javassist:javassist:jar:3.18.1-GA during dependency collection step for project (use -X to see details)
2025-05-26 11:41:44,195 [Worker-45: Building] WARN  o.a.m.r.i.DefaultArtifactDescriptorReader - 1 problem was encountered while building the effective model for org.javassist:javassist:jar:3.18.1-GA during dependency collection step for project (use -X to see details)
2025-05-26 11:41:45,176 [Worker-47: Updating Maven Dependencies] WARN  o.e.m.c.i.embedder.EclipseLogger - The artifact mysql:mysql-connector-java:jar:8.0.31 has been relocated to com.mysql:mysql-connector-j:jar:8.0.31: MySQL Connector/J artifacts moved to reverse-DNS compliant Maven 2+ coordinates.
2025-05-26 11:41:45,176 [Worker-45: Building] WARN  o.e.m.c.i.embedder.EclipseLogger - The artifact mysql:mysql-connector-java:jar:8.0.31 has been relocated to com.mysql:mysql-connector-j:jar:8.0.31: MySQL Connector/J artifacts moved to reverse-DNS compliant Maven 2+ coordinates.
2025-05-26 11:41:45,261 [Worker-45: Building] INFO  o.e.m.c.i.e.AbstractTransferListenerAdapter - Downloading https://repo.maven.apache.org/maven2/com/mysql/mysql-connector-j/8.0.31/mysql-connector-j-8.0.31.jar
2025-05-26 11:41:45,561 [Worker-45: Building] INFO  o.e.m.c.i.e.AbstractTransferListenerAdapter - Downloaded https://repo.maven.apache.org/maven2/com/mysql/mysql-connector-j/8.0.31/mysql-connector-j-8.0.31.jar
2025-05-26 11:41:45,573 [Worker-45: Building] WARN  o.e.m.c.i.embedder.EclipseLogger - The artifact mysql:mysql-connector-java:jar:8.0.31 has been relocated to com.mysql:mysql-connector-j:jar:8.0.31: MySQL Connector/J artifacts moved to reverse-DNS compliant Maven 2+ coordinates.
2025-05-26 11:41:52,024 [Worker-45: Building] INFO  o.a.m.s.f.DefaultMavenResourcesFiltering - skip non existing resourceDirectory C:\JavaTraining\Day33_Part_1\HibJsf\src\main\resources
2025-05-26 11:41:52,028 [Worker-45: Building] WARN  o.e.m.c.i.embedder.EclipseLogger - The artifact mysql:mysql-connector-java:jar:8.0.31 has been relocated to com.mysql:mysql-connector-j:jar:8.0.31: MySQL Connector/J artifacts moved to reverse-DNS compliant Maven 2+ coordinates.
2025-05-26 11:41:52,120 [Worker-45: Building] INFO  o.e.m.c.i.embedder.EclipseLogger - Changes detected - recompiling the module!
2025-05-26 11:41:52,126 [Worker-45: Building] INFO  o.e.m.c.i.embedder.EclipseLogger - Compiling 9 source files to C:\JavaTraining\Day33_Part_1\HibJsf\target\classes
2025-05-26 11:41:52,252 [Worker-43: Download sources and javadoc] INFO  o.e.m.c.i.e.AbstractTransferListenerAdapter - Downloading https://repo.maven.apache.org/maven2/com/mysql/mysql-connector-j/8.0.31/mysql-connector-j-8.0.31-sources.jar
2025-05-26 11:41:52,395 [Worker-43: Download sources and javadoc] INFO  o.e.m.c.i.e.AbstractTransferListenerAdapter - Downloaded https://repo.maven.apache.org/maven2/com/mysql/mysql-connector-j/8.0.31/mysql-connector-j-8.0.31-sources.jar
2025-05-26 11:41:52,404 [Worker-43: Download sources and javadoc] INFO  o.e.m.j.internal.DownloadSourcesJob - Downloaded sources for com.mysql:mysql-connector-j:8.0.31
2025-05-26 11:41:54,559 [Worker-45: Building] INFO  o.e.m.c.i.embedder.EclipseLogger - /C:/JavaTraining/Day33_Part_1/HibJsf/src/main/java/com/java/jsf/util/SessionHelper.java: C:\JavaTraining\Day33_Part_1\HibJsf\src\main\java\com\java\jsf\util\SessionHelper.java uses or overrides a deprecated API.
2025-05-26 11:41:54,559 [Worker-45: Building] INFO  o.e.m.c.i.embedder.EclipseLogger - /C:/JavaTraining/Day33_Part_1/HibJsf/src/main/java/com/java/jsf/util/SessionHelper.java: Recompile with -Xlint:deprecation for details.
2025-05-26 11:41:54,559 [Worker-45: Building] INFO  o.e.m.c.i.embedder.EclipseLogger - /C:/JavaTraining/Day33_Part_1/HibJsf/src/main/java/com/java/jsf/controller/EmployController.java: Some input files use unchecked or unsafe operations.
2025-05-26 11:41:54,559 [Worker-45: Building] INFO  o.e.m.c.i.embedder.EclipseLogger - /C:/JavaTraining/Day33_Part_1/HibJsf/src/main/java/com/java/jsf/controller/EmployController.java: Recompile with -Xlint:unchecked for details.
2025-05-26 11:41:54,562 [Worker-45: Building] INFO  o.a.m.s.f.DefaultMavenResourcesFiltering - skip non existing resourceDirectory C:\JavaTraining\Day33_Part_1\HibJsf\src\test\resources
2025-05-26 11:41:57,451 [Worker-44: Updating Maven Dependencies] INFO  o.e.m.c.i.l.LifecycleMappingFactory - Using org.maven.ide.eclipse.wtp.WarLifecycleMapping lifecycle mapping for MavenProject: infinite:HibJsf:0.0.1-SNAPSHOT @ C:\JavaTraining\Day33_Part_1\HibJsf\pom.xml.
2025-05-26 11:41:57,508 [Worker-44: Updating Maven Dependencies] WARN  o.a.m.r.i.DefaultArtifactDescriptorReader - 1 problem was encountered while building the effective model for org.javassist:javassist:jar:3.18.1-GA during dependency collection step for project (use -X to see details)
2025-05-26 11:41:57,620 [Worker-44: Updating Maven Dependencies] WARN  o.e.m.c.i.embedder.EclipseLogger - The artifact mysql:mysql-connector-java:jar:8.0.31 has been relocated to com.mysql:mysql-connector-j:jar:8.0.31: MySQL Connector/J artifacts moved to reverse-DNS compliant Maven 2+ coordinates.
2025-05-26 11:41:57,668 [Worker-44: Updating Maven Dependencies] WARN  o.e.m.c.i.embedder.EclipseLogger - The artifact mysql:mysql-connector-java:jar:8.0.31 has been relocated to com.mysql:mysql-connector-j:jar:8.0.31: MySQL Connector/J artifacts moved to reverse-DNS compliant Maven 2+ coordinates.
